<?xml version="1.0" encoding="UTF-8"?>
<!-- Generated by org.testng.reporters.JUnitReportReporter -->
<testsuite hostname="LAPTOP-637D0VS7" name="com.uniqlo.Assignment3.Test.TC_01_VerifyResponse" tests="4" failures="0" timestamp="21 Jun 2020 06:48:04 GMT" time="15.584" errors="0">
  <testcase name="PostRequest" time="1.596" classname="com.uniqlo.Assignment3.Test.TC_01_VerifyResponse"/>
  <testcase name="GetRequest" time="9.329" classname="com.uniqlo.Assignment3.Test.TC_01_VerifyResponse"/>
  <testcase name="PutRequest" time="1.824" classname="com.uniqlo.Assignment3.Test.TC_01_VerifyResponse"/>
  <testcase name="DeleteRequest" time="2.835" classname="com.uniqlo.Assignment3.Test.TC_01_VerifyResponse"/>
</testsuite> <!-- com.uniqlo.Assignment3.Test.TC_01_VerifyResponse -->
